[DEBUG] 2019-04-29 23:02:52.019 [main] IntegratorServiceImpl - Adding Integrator [org.hibernate.cfg.beanvalidation.BeanValidationIntegrator].
[DEBUG] 2019-04-29 23:02:52.041 [main] IntegratorServiceImpl - Adding Integrator [org.hibernate.secure.spi.JaccIntegrator].
[DEBUG] 2019-04-29 23:02:52.052 [main] IntegratorServiceImpl - Adding Integrator [org.hibernate.cache.internal.CollectionCacheInvalidator].
[INFO ] 2019-04-29 23:02:52.279 [main] Version - HHH000412: Hibernate Core {5.2.12.Final}
[INFO ] 2019-04-29 23:02:52.282 [main] Environment - HHH000206: hibernate.properties not found
[DEBUG] 2019-04-29 23:02:52.359 [main] LocalXmlResourceResolver - Interpreting public/system identifier : [-//Hibernate/Hibernate Configuration DTD//EN] - [http://www.hibernate.org/dtd/hibernate-configuration-3.0.dtd]
[DEBUG] 2019-04-29 23:02:52.360 [main] LocalXmlResourceResolver - Recognized hibernate-configuration identifier; attempting to resolve on classpath under org/hibernate/
[DEBUG] 2019-04-29 23:02:52.368 [main] JaxbCfgProcessor - cfg.xml document did not define namespaces; wrapping in custom event reader to introduce namespace information
[DEBUG] 2019-04-29 23:02:52.637 [main] ServiceBinding - Overriding existing service binding [org.hibernate.secure.spi.JaccService]
[DEBUG] 2019-04-29 23:02:52.661 [main] RegionFactoryInitiator - Cache region factory : org.hibernate.cache.internal.NoCachingRegionFactory
[INFO ] 2019-04-29 23:02:52.670 [main] Version - HCANN000001: Hibernate Commons Annotations {5.0.1.Final}
[DEBUG] 2019-04-29 23:02:52.703 [main] BasicTypeRegistry - Adding type registration boolean -> org.hibernate.type.BooleanType@19b843ba
[DEBUG] 2019-04-29 23:02:52.703 [main] BasicTypeRegistry - Adding type registration boolean -> org.hibernate.type.BooleanType@19b843ba
[DEBUG] 2019-04-29 23:02:52.703 [main] BasicTypeRegistry - Adding type registration java.lang.Boolean -> org.hibernate.type.BooleanType@19b843ba
[DEBUG] 2019-04-29 23:02:52.704 [main] BasicTypeRegistry - Adding type registration numeric_boolean -> org.hibernate.type.NumericBooleanType@1ec9bd38
[DEBUG] 2019-04-29 23:02:52.706 [main] BasicTypeRegistry - Adding type registration true_false -> org.hibernate.type.TrueFalseType@15f47664
[DEBUG] 2019-04-29 23:02:52.706 [main] BasicTypeRegistry - Adding type registration yes_no -> org.hibernate.type.YesNoType@2f666ebb
[DEBUG] 2019-04-29 23:02:52.708 [main] BasicTypeRegistry - Adding type registration byte -> org.hibernate.type.ByteType@2dc9b0f5
[DEBUG] 2019-04-29 23:02:52.708 [main] BasicTypeRegistry - Adding type registration byte -> org.hibernate.type.ByteType@2dc9b0f5
[DEBUG] 2019-04-29 23:02:52.709 [main] BasicTypeRegistry - Adding type registration java.lang.Byte -> org.hibernate.type.ByteType@2dc9b0f5
[DEBUG] 2019-04-29 23:02:52.710 [main] BasicTypeRegistry - Adding type registration character -> org.hibernate.type.CharacterType@56dc1551
[DEBUG] 2019-04-29 23:02:52.710 [main] BasicTypeRegistry - Adding type registration char -> org.hibernate.type.CharacterType@56dc1551
[DEBUG] 2019-04-29 23:02:52.710 [main] BasicTypeRegistry - Adding type registration java.lang.Character -> org.hibernate.type.CharacterType@56dc1551
[DEBUG] 2019-04-29 23:02:52.712 [main] BasicTypeRegistry - Adding type registration short -> org.hibernate.type.ShortType@4bbf6d0e
[DEBUG] 2019-04-29 23:02:52.712 [main] BasicTypeRegistry - Adding type registration short -> org.hibernate.type.ShortType@4bbf6d0e
[DEBUG] 2019-04-29 23:02:52.712 [main] BasicTypeRegistry - Adding type registration java.lang.Short -> org.hibernate.type.ShortType@4bbf6d0e
[DEBUG] 2019-04-29 23:02:52.713 [main] BasicTypeRegistry - Adding type registration integer -> org.hibernate.type.IntegerType@13bc8645
[DEBUG] 2019-04-29 23:02:52.713 [main] BasicTypeRegistry - Adding type registration int -> org.hibernate.type.IntegerType@13bc8645
[DEBUG] 2019-04-29 23:02:52.713 [main] BasicTypeRegistry - Adding type registration java.lang.Integer -> org.hibernate.type.IntegerType@13bc8645
[DEBUG] 2019-04-29 23:02:52.714 [main] BasicTypeRegistry - Adding type registration long -> org.hibernate.type.LongType@16c069df
[DEBUG] 2019-04-29 23:02:52.715 [main] BasicTypeRegistry - Adding type registration long -> org.hibernate.type.LongType@16c069df
[DEBUG] 2019-04-29 23:02:52.715 [main] BasicTypeRegistry - Adding type registration java.lang.Long -> org.hibernate.type.LongType@16c069df
[DEBUG] 2019-04-29 23:02:52.717 [main] BasicTypeRegistry - Adding type registration float -> org.hibernate.type.FloatType@6f3187b0
[DEBUG] 2019-04-29 23:02:52.717 [main] BasicTypeRegistry - Adding type registration float -> org.hibernate.type.FloatType@6f3187b0
[DEBUG] 2019-04-29 23:02:52.717 [main] BasicTypeRegistry - Adding type registration java.lang.Float -> org.hibernate.type.FloatType@6f3187b0
[DEBUG] 2019-04-29 23:02:52.719 [main] BasicTypeRegistry - Adding type registration double -> org.hibernate.type.DoubleType@44be0077
[DEBUG] 2019-04-29 23:02:52.719 [main] BasicTypeRegistry - Adding type registration double -> org.hibernate.type.DoubleType@44be0077
[DEBUG] 2019-04-29 23:02:52.719 [main] BasicTypeRegistry - Adding type registration java.lang.Double -> org.hibernate.type.DoubleType@44be0077
[DEBUG] 2019-04-29 23:02:52.721 [main] BasicTypeRegistry - Adding type registration big_decimal -> org.hibernate.type.BigDecimalType@3fce8fd9
[DEBUG] 2019-04-29 23:02:52.721 [main] BasicTypeRegistry - Adding type registration java.math.BigDecimal -> org.hibernate.type.BigDecimalType@3fce8fd9
[DEBUG] 2019-04-29 23:02:52.722 [main] BasicTypeRegistry - Adding type registration big_integer -> org.hibernate.type.BigIntegerType@23202fce
[DEBUG] 2019-04-29 23:02:52.722 [main] BasicTypeRegistry - Adding type registration java.math.BigInteger -> org.hibernate.type.BigIntegerType@23202fce
[DEBUG] 2019-04-29 23:02:52.724 [main] BasicTypeRegistry - Adding type registration string -> org.hibernate.type.StringType@7f284218
[DEBUG] 2019-04-29 23:02:52.724 [main] BasicTypeRegistry - Adding type registration java.lang.String -> org.hibernate.type.StringType@7f284218
[DEBUG] 2019-04-29 23:02:52.725 [main] BasicTypeRegistry - Adding type registration nstring -> org.hibernate.type.StringNVarcharType@2cb2fc20
[DEBUG] 2019-04-29 23:02:52.725 [main] BasicTypeRegistry - Adding type registration ncharacter -> org.hibernate.type.CharacterNCharType@495ee280
[DEBUG] 2019-04-29 23:02:52.726 [main] BasicTypeRegistry - Adding type registration url -> org.hibernate.type.UrlType@4e928fbf
[DEBUG] 2019-04-29 23:02:52.726 [main] BasicTypeRegistry - Adding type registration java.net.URL -> org.hibernate.type.UrlType@4e928fbf
[DEBUG] 2019-04-29 23:02:52.727 [main] BasicTypeRegistry - Adding type registration Duration -> org.hibernate.type.DurationType@3e44f2a5
[DEBUG] 2019-04-29 23:02:52.728 [main] BasicTypeRegistry - Adding type registration java.time.Duration -> org.hibernate.type.DurationType@3e44f2a5
[DEBUG] 2019-04-29 23:02:52.739 [main] BasicTypeRegistry - Adding type registration Instant -> org.hibernate.type.InstantType@20d7d6fb
[DEBUG] 2019-04-29 23:02:52.739 [main] BasicTypeRegistry - Adding type registration java.time.Instant -> org.hibernate.type.InstantType@20d7d6fb
[DEBUG] 2019-04-29 23:02:52.741 [main] BasicTypeRegistry - Adding type registration LocalDateTime -> org.hibernate.type.LocalDateTimeType@2b72cb8a
[DEBUG] 2019-04-29 23:02:52.741 [main] BasicTypeRegistry - Adding type registration java.time.LocalDateTime -> org.hibernate.type.LocalDateTimeType@2b72cb8a
[DEBUG] 2019-04-29 23:02:52.743 [main] BasicTypeRegistry - Adding type registration LocalDate -> org.hibernate.type.LocalDateType@1c39680d
[DEBUG] 2019-04-29 23:02:52.743 [main] BasicTypeRegistry - Adding type registration java.time.LocalDate -> org.hibernate.type.LocalDateType@1c39680d
[DEBUG] 2019-04-29 23:02:52.745 [main] BasicTypeRegistry - Adding type registration LocalTime -> org.hibernate.type.LocalTimeType@24c4ddae
[DEBUG] 2019-04-29 23:02:52.746 [main] BasicTypeRegistry - Adding type registration java.time.LocalTime -> org.hibernate.type.LocalTimeType@24c4ddae
[DEBUG] 2019-04-29 23:02:52.747 [main] BasicTypeRegistry - Adding type registration OffsetDateTime -> org.hibernate.type.OffsetDateTimeType@6a57ae10
[DEBUG] 2019-04-29 23:02:52.747 [main] BasicTypeRegistry - Adding type registration java.time.OffsetDateTime -> org.hibernate.type.OffsetDateTimeType@6a57ae10
[DEBUG] 2019-04-29 23:02:52.749 [main] BasicTypeRegistry - Adding type registration OffsetTime -> org.hibernate.type.OffsetTimeType@3b79fd76
[DEBUG] 2019-04-29 23:02:52.749 [main] BasicTypeRegistry - Adding type registration java.time.OffsetTime -> org.hibernate.type.OffsetTimeType@3b79fd76
[DEBUG] 2019-04-29 23:02:52.752 [main] BasicTypeRegistry - Adding type registration ZonedDateTime -> org.hibernate.type.ZonedDateTimeType@79c97cb
[DEBUG] 2019-04-29 23:02:52.752 [main] BasicTypeRegistry - Adding type registration java.time.ZonedDateTime -> org.hibernate.type.ZonedDateTimeType@79c97cb
[DEBUG] 2019-04-29 23:02:52.753 [main] BasicTypeRegistry - Adding type registration date -> org.hibernate.type.DateType@4f704591
[DEBUG] 2019-04-29 23:02:52.754 [main] BasicTypeRegistry - Adding type registration java.sql.Date -> org.hibernate.type.DateType@4f704591
[DEBUG] 2019-04-29 23:02:52.755 [main] BasicTypeRegistry - Adding type registration time -> org.hibernate.type.TimeType@379614be
[DEBUG] 2019-04-29 23:02:52.755 [main] BasicTypeRegistry - Adding type registration java.sql.Time -> org.hibernate.type.TimeType@379614be
[DEBUG] 2019-04-29 23:02:52.756 [main] BasicTypeRegistry - Adding type registration timestamp -> org.hibernate.type.TimestampType@1bab8268
[DEBUG] 2019-04-29 23:02:52.756 [main] BasicTypeRegistry - Adding type registration java.sql.Timestamp -> org.hibernate.type.TimestampType@1bab8268
[DEBUG] 2019-04-29 23:02:52.756 [main] BasicTypeRegistry - Adding type registration java.util.Date -> org.hibernate.type.TimestampType@1bab8268
[DEBUG] 2019-04-29 23:02:52.757 [main] BasicTypeRegistry - Adding type registration dbtimestamp -> org.hibernate.type.DbTimestampType@2b9ed6da
[DEBUG] 2019-04-29 23:02:52.758 [main] BasicTypeRegistry - Adding type registration calendar -> org.hibernate.type.CalendarType@389c4eb1
[DEBUG] 2019-04-29 23:02:52.759 [main] BasicTypeRegistry - Adding type registration java.util.Calendar -> org.hibernate.type.CalendarType@389c4eb1
[DEBUG] 2019-04-29 23:02:52.759 [main] BasicTypeRegistry - Adding type registration java.util.GregorianCalendar -> org.hibernate.type.CalendarType@389c4eb1
[DEBUG] 2019-04-29 23:02:52.759 [main] BasicTypeRegistry - Adding type registration calendar_date -> org.hibernate.type.CalendarDateType@4b34fff9
[DEBUG] 2019-04-29 23:02:52.760 [main] BasicTypeRegistry - Adding type registration locale -> org.hibernate.type.LocaleType@57c03d88
[DEBUG] 2019-04-29 23:02:52.760 [main] BasicTypeRegistry - Adding type registration java.util.Locale -> org.hibernate.type.LocaleType@57c03d88
[DEBUG] 2019-04-29 23:02:52.761 [main] BasicTypeRegistry - Adding type registration currency -> org.hibernate.type.CurrencyType@518caac3
[DEBUG] 2019-04-29 23:02:52.761 [main] BasicTypeRegistry - Adding type registration java.util.Currency -> org.hibernate.type.CurrencyType@518caac3
[DEBUG] 2019-04-29 23:02:52.762 [main] BasicTypeRegistry - Adding type registration timezone -> org.hibernate.type.TimeZoneType@2a3888c1
[DEBUG] 2019-04-29 23:02:52.762 [main] BasicTypeRegistry - Adding type registration java.util.TimeZone -> org.hibernate.type.TimeZoneType@2a3888c1
[DEBUG] 2019-04-29 23:02:52.763 [main] BasicTypeRegistry - Adding type registration class -> org.hibernate.type.ClassType@1722011b
[DEBUG] 2019-04-29 23:02:52.763 [main] BasicTypeRegistry - Adding type registration java.lang.Class -> org.hibernate.type.ClassType@1722011b
[DEBUG] 2019-04-29 23:02:52.764 [main] BasicTypeRegistry - Adding type registration uuid-binary -> org.hibernate.type.UUIDBinaryType@12a94400
[DEBUG] 2019-04-29 23:02:52.764 [main] BasicTypeRegistry - Adding type registration java.util.UUID -> org.hibernate.type.UUIDBinaryType@12a94400
[DEBUG] 2019-04-29 23:02:52.765 [main] BasicTypeRegistry - Adding type registration uuid-char -> org.hibernate.type.UUIDCharType@1ef6d34c
[DEBUG] 2019-04-29 23:02:52.765 [main] BasicTypeRegistry - Adding type registration binary -> org.hibernate.type.BinaryType@2a225dd7
[DEBUG] 2019-04-29 23:02:52.766 [main] BasicTypeRegistry - Adding type registration byte[] -> org.hibernate.type.BinaryType@2a225dd7
[DEBUG] 2019-04-29 23:02:52.766 [main] BasicTypeRegistry - Adding type registration [B -> org.hibernate.type.BinaryType@2a225dd7
[DEBUG] 2019-04-29 23:02:52.767 [main] BasicTypeRegistry - Adding type registration wrapper-binary -> org.hibernate.type.WrapperBinaryType@616ac46a
[DEBUG] 2019-04-29 23:02:52.767 [main] BasicTypeRegistry - Adding type registration Byte[] -> org.hibernate.type.WrapperBinaryType@616ac46a
[DEBUG] 2019-04-29 23:02:52.767 [main] BasicTypeRegistry - Adding type registration [Ljava.lang.Byte; -> org.hibernate.type.WrapperBinaryType@616ac46a
[DEBUG] 2019-04-29 23:02:52.768 [main] BasicTypeRegistry - Adding type registration row_version -> org.hibernate.type.RowVersionType@6337c201
[DEBUG] 2019-04-29 23:02:52.768 [main] BasicTypeRegistry - Adding type registration image -> org.hibernate.type.ImageType@28d18df5
[DEBUG] 2019-04-29 23:02:52.769 [main] BasicTypeRegistry - Adding type registration characters -> org.hibernate.type.CharArrayType@b83a9be
[DEBUG] 2019-04-29 23:02:52.769 [main] BasicTypeRegistry - Adding type registration char[] -> org.hibernate.type.CharArrayType@b83a9be
[DEBUG] 2019-04-29 23:02:52.769 [main] BasicTypeRegistry - Adding type registration [C -> org.hibernate.type.CharArrayType@b83a9be
[DEBUG] 2019-04-29 23:02:52.770 [main] BasicTypeRegistry - Adding type registration wrapper-characters -> org.hibernate.type.CharacterArrayType@2b175c00
[DEBUG] 2019-04-29 23:02:52.770 [main] BasicTypeRegistry - Adding type registration [Ljava.lang.Character; -> org.hibernate.type.CharacterArrayType@2b175c00
[DEBUG] 2019-04-29 23:02:52.771 [main] BasicTypeRegistry - Adding type registration Character[] -> org.hibernate.type.CharacterArrayType@2b175c00
[DEBUG] 2019-04-29 23:02:52.771 [main] BasicTypeRegistry - Adding type registration text -> org.hibernate.type.TextType@30c8681
[DEBUG] 2019-04-29 23:02:52.772 [main] BasicTypeRegistry - Adding type registration ntext -> org.hibernate.type.NTextType@35399441
[DEBUG] 2019-04-29 23:02:52.777 [main] BasicTypeRegistry - Adding type registration blob -> org.hibernate.type.BlobType@2474f125
[DEBUG] 2019-04-29 23:02:52.777 [main] BasicTypeRegistry - Adding type registration java.sql.Blob -> org.hibernate.type.BlobType@2474f125
[DEBUG] 2019-04-29 23:02:52.778 [main] BasicTypeRegistry - Adding type registration materialized_blob -> org.hibernate.type.MaterializedBlobType@5717c37
[DEBUG] 2019-04-29 23:02:52.785 [main] BasicTypeRegistry - Adding type registration clob -> org.hibernate.type.ClobType@6bf08014
[DEBUG] 2019-04-29 23:02:52.785 [main] BasicTypeRegistry - Adding type registration java.sql.Clob -> org.hibernate.type.ClobType@6bf08014
[DEBUG] 2019-04-29 23:02:52.789 [main] BasicTypeRegistry - Adding type registration nclob -> org.hibernate.type.NClobType@21129f1f
[DEBUG] 2019-04-29 23:02:52.789 [main] BasicTypeRegistry - Adding type registration java.sql.NClob -> org.hibernate.type.NClobType@21129f1f
[DEBUG] 2019-04-29 23:02:52.790 [main] BasicTypeRegistry - Adding type registration materialized_clob -> org.hibernate.type.MaterializedClobType@7d898981
[DEBUG] 2019-04-29 23:02:52.791 [main] BasicTypeRegistry - Adding type registration materialized_nclob -> org.hibernate.type.MaterializedNClobType@258d79be
[DEBUG] 2019-04-29 23:02:52.793 [main] BasicTypeRegistry - Adding type registration serializable -> org.hibernate.type.SerializableType@4f6f416f
[DEBUG] 2019-04-29 23:02:52.797 [main] BasicTypeRegistry - Adding type registration object -> org.hibernate.type.ObjectType@225129c
[DEBUG] 2019-04-29 23:02:52.797 [main] BasicTypeRegistry - Adding type registration java.lang.Object -> org.hibernate.type.ObjectType@225129c
[DEBUG] 2019-04-29 23:02:52.798 [main] BasicTypeRegistry - Adding type registration imm_date -> org.hibernate.type.AdaptedImmutableType@479ceda0
[DEBUG] 2019-04-29 23:02:52.798 [main] BasicTypeRegistry - Adding type registration imm_time -> org.hibernate.type.AdaptedImmutableType@6d07a63d
[DEBUG] 2019-04-29 23:02:52.798 [main] BasicTypeRegistry - Adding type registration imm_timestamp -> org.hibernate.type.AdaptedImmutableType@571c5681
[DEBUG] 2019-04-29 23:02:52.798 [main] BasicTypeRegistry - Adding type registration imm_dbtimestamp -> org.hibernate.type.AdaptedImmutableType@488d1cd7
[DEBUG] 2019-04-29 23:02:52.798 [main] BasicTypeRegistry - Adding type registration imm_calendar -> org.hibernate.type.AdaptedImmutableType@68dc098b
[DEBUG] 2019-04-29 23:02:52.798 [main] BasicTypeRegistry - Adding type registration imm_calendar_date -> org.hibernate.type.AdaptedImmutableType@38ba6ce3
[DEBUG] 2019-04-29 23:02:52.798 [main] BasicTypeRegistry - Adding type registration imm_binary -> org.hibernate.type.AdaptedImmutableType@d278d2b
[DEBUG] 2019-04-29 23:02:52.798 [main] BasicTypeRegistry - Adding type registration imm_serializable -> org.hibernate.type.AdaptedImmutableType@2d6c53fc
[INFO ] 2019-04-29 23:02:52.812 [main] C3P0ConnectionProvider - HHH010002: C3P0 using driver: com.mysql.jdbc.Driver at URL: jdbc:mysql:///beacon_test
[INFO ] 2019-04-29 23:02:52.813 [main] C3P0ConnectionProvider - HHH10001001: Connection properties: {user=Norm, password=****}
[INFO ] 2019-04-29 23:02:52.813 [main] C3P0ConnectionProvider - HHH10001003: Autocommit mode: false
[INFO ] 2019-04-29 23:02:53.092 [main] C3P0ConnectionProvider - HHH10001007: JDBC isolation level: <unknown>
[DEBUG] 2019-04-29 23:02:53.163 [main] JdbcEnvironmentInitiator - Database ->
       name : MySQL
    version : 5.7.25-log
      major : 5
      minor : 7
[DEBUG] 2019-04-29 23:02:53.163 [main] JdbcEnvironmentInitiator - Driver ->
       name : MySQL Connector Java
    version : mysql-connector-java-5.1.39 ( Revision: 3289a357af6d09ecc1a10fd3c26e95183e5790ad )
      major : 5
      minor : 1
[DEBUG] 2019-04-29 23:02:53.164 [main] JdbcEnvironmentInitiator - JDBC version : 4.0
[INFO ] 2019-04-29 23:02:53.185 [main] Dialect - HHH000400: Using dialect: org.hibernate.dialect.MySQL5Dialect
[DEBUG] 2019-04-29 23:02:53.247 [main] IdentifierHelperBuilder - JDBC driver metadata reported database stores quoted identifiers in more than one case
[DEBUG] 2019-04-29 23:02:53.249 [main] IdentifierHelperBuilder - IdentifierCaseStrategy for both quoted and unquoted identifiers was set to the same strategy [LOWER]; that will likely lead to problems in schema update and validation if using quoted identifiers
[DEBUG] 2019-04-29 23:02:53.315 [main] DefaultIdentifierGeneratorFactory - Registering IdentifierGenerator strategy [uuid2] -> [org.hibernate.id.UUIDGenerator]
[DEBUG] 2019-04-29 23:02:53.316 [main] DefaultIdentifierGeneratorFactory - Registering IdentifierGenerator strategy [guid] -> [org.hibernate.id.GUIDGenerator]
[DEBUG] 2019-04-29 23:02:53.317 [main] DefaultIdentifierGeneratorFactory - Registering IdentifierGenerator strategy [uuid] -> [org.hibernate.id.UUIDHexGenerator]
[DEBUG] 2019-04-29 23:02:53.318 [main] DefaultIdentifierGeneratorFactory - Registering IdentifierGenerator strategy [uuid.hex] -> [org.hibernate.id.UUIDHexGenerator]
[DEBUG] 2019-04-29 23:02:53.319 [main] DefaultIdentifierGeneratorFactory - Registering IdentifierGenerator strategy [assigned] -> [org.hibernate.id.Assigned]
[DEBUG] 2019-04-29 23:02:53.322 [main] DefaultIdentifierGeneratorFactory - Registering IdentifierGenerator strategy [identity] -> [org.hibernate.id.IdentityGenerator]
[DEBUG] 2019-04-29 23:02:53.323 [main] DefaultIdentifierGeneratorFactory - Registering IdentifierGenerator strategy [select] -> [org.hibernate.id.SelectGenerator]
[DEBUG] 2019-04-29 23:02:53.326 [main] DefaultIdentifierGeneratorFactory - Registering IdentifierGenerator strategy [sequence] -> [org.hibernate.id.enhanced.SequenceStyleGenerator]
[DEBUG] 2019-04-29 23:02:53.328 [main] DefaultIdentifierGeneratorFactory - Registering IdentifierGenerator strategy [seqhilo] -> [org.hibernate.id.SequenceHiLoGenerator]
[DEBUG] 2019-04-29 23:02:53.329 [main] DefaultIdentifierGeneratorFactory - Registering IdentifierGenerator strategy [increment] -> [org.hibernate.id.IncrementGenerator]
[DEBUG] 2019-04-29 23:02:53.331 [main] DefaultIdentifierGeneratorFactory - Registering IdentifierGenerator strategy [foreign] -> [org.hibernate.id.ForeignGenerator]
[DEBUG] 2019-04-29 23:02:53.332 [main] DefaultIdentifierGeneratorFactory - Registering IdentifierGenerator strategy [sequence-identity] -> [org.hibernate.id.SequenceIdentityGenerator]
[DEBUG] 2019-04-29 23:02:53.332 [main] DefaultIdentifierGeneratorFactory - Registering IdentifierGenerator strategy [enhanced-sequence] -> [org.hibernate.id.enhanced.SequenceStyleGenerator]
[DEBUG] 2019-04-29 23:02:53.334 [main] DefaultIdentifierGeneratorFactory - Registering IdentifierGenerator strategy [enhanced-table] -> [org.hibernate.id.enhanced.TableGenerator]
[DEBUG] 2019-04-29 23:02:53.411 [main] Namespace - Created database namespace [logicalName=Name{catalog=null, schema=null}, physicalName=Name{catalog=null, schema=null}]
[DEBUG] 2019-04-29 23:02:53.458 [main] AnnotationBinder - Binding entity from annotated class: com.normnondo.entity.BeaconUsers
[DEBUG] 2019-04-29 23:02:53.482 [main] Ejb3Column - Binding column: Ejb3DiscriminatorColumn{logicalColumnName'DTYPE', discriminatorTypeName='string'}
[DEBUG] 2019-04-29 23:02:53.489 [main] EntityBinder - Import with entity name BeaconUsers
[DEBUG] 2019-04-29 23:02:53.492 [main] EntityBinder - Bind entity com.normnondo.entity.BeaconUsers on table beacon_user_test
[DEBUG] 2019-04-29 23:02:53.518 [main] Ejb3Column - Binding column: Ejb3Column{table=org.hibernate.mapping.Table(beacon_user_test), mappingColumn=id, insertable=true, updatable=true, unique=false}
[DEBUG] 2019-04-29 23:02:53.520 [main] PropertyBinder - MetadataSourceProcessor property id with lazy=false
[DEBUG] 2019-04-29 23:02:53.522 [main] AbstractPropertyHolder - Attempting to locate auto-apply AttributeConverter for property [com.normnondo.entity.BeaconUsers:id]
[DEBUG] 2019-04-29 23:02:53.523 [main] SimpleValueBinder - building SimpleValue for id
[DEBUG] 2019-04-29 23:02:53.525 [main] PropertyBinder - Building property id
[DEBUG] 2019-04-29 23:02:53.532 [main] Ejb3Column - Binding column: Ejb3Column{table=org.hibernate.mapping.Table(beacon_user_test), mappingColumn=email, insertable=true, updatable=true, unique=false}
[DEBUG] 2019-04-29 23:02:53.532 [main] PropertyBinder - MetadataSourceProcessor property email with lazy=false
[DEBUG] 2019-04-29 23:02:53.532 [main] AbstractPropertyHolder - Attempting to locate auto-apply AttributeConverter for property [com.normnondo.entity.BeaconUsers:email]
[DEBUG] 2019-04-29 23:02:53.533 [main] SimpleValueBinder - building SimpleValue for email
[DEBUG] 2019-04-29 23:02:53.533 [main] PropertyBinder - Building property email
[DEBUG] 2019-04-29 23:02:53.533 [main] Ejb3Column - Binding column: Ejb3Column{table=org.hibernate.mapping.Table(beacon_user_test), mappingColumn=first_name, insertable=true, updatable=true, unique=false}
[DEBUG] 2019-04-29 23:02:53.533 [main] PropertyBinder - MetadataSourceProcessor property firstName with lazy=false
[DEBUG] 2019-04-29 23:02:53.533 [main] AbstractPropertyHolder - Attempting to locate auto-apply AttributeConverter for property [com.normnondo.entity.BeaconUsers:firstName]
[DEBUG] 2019-04-29 23:02:53.533 [main] SimpleValueBinder - building SimpleValue for firstName
[DEBUG] 2019-04-29 23:02:53.533 [main] PropertyBinder - Building property firstName
[DEBUG] 2019-04-29 23:02:53.534 [main] Ejb3Column - Binding column: Ejb3Column{table=org.hibernate.mapping.Table(beacon_user_test), mappingColumn=last_name, insertable=true, updatable=true, unique=false}
[DEBUG] 2019-04-29 23:02:53.534 [main] PropertyBinder - MetadataSourceProcessor property lastName with lazy=false
[DEBUG] 2019-04-29 23:02:53.534 [main] AbstractPropertyHolder - Attempting to locate auto-apply AttributeConverter for property [com.normnondo.entity.BeaconUsers:lastName]
[DEBUG] 2019-04-29 23:02:53.534 [main] SimpleValueBinder - building SimpleValue for lastName
[DEBUG] 2019-04-29 23:02:53.534 [main] PropertyBinder - Building property lastName
[DEBUG] 2019-04-29 23:02:53.534 [main] Ejb3Column - Binding column: Ejb3Column{table=org.hibernate.mapping.Table(beacon_user_test), mappingColumn=password, insertable=true, updatable=true, unique=false}
[DEBUG] 2019-04-29 23:02:53.534 [main] PropertyBinder - MetadataSourceProcessor property password with lazy=false
[DEBUG] 2019-04-29 23:02:53.534 [main] AbstractPropertyHolder - Attempting to locate auto-apply AttributeConverter for property [com.normnondo.entity.BeaconUsers:password]
[DEBUG] 2019-04-29 23:02:53.534 [main] SimpleValueBinder - building SimpleValue for password
[DEBUG] 2019-04-29 23:02:53.534 [main] PropertyBinder - Building property password
[DEBUG] 2019-04-29 23:02:53.534 [main] Ejb3Column - Binding column: Ejb3Column{table=org.hibernate.mapping.Table(beacon_user_test), mappingColumn=phone_number, insertable=true, updatable=true, unique=false}
[DEBUG] 2019-04-29 23:02:53.535 [main] PropertyBinder - MetadataSourceProcessor property phoneNumber with lazy=false
[DEBUG] 2019-04-29 23:02:53.535 [main] AbstractPropertyHolder - Attempting to locate auto-apply AttributeConverter for property [com.normnondo.entity.BeaconUsers:phoneNumber]
[DEBUG] 2019-04-29 23:02:53.535 [main] SimpleValueBinder - building SimpleValue for phoneNumber
[DEBUG] 2019-04-29 23:02:53.535 [main] PropertyBinder - Building property phoneNumber
[DEBUG] 2019-04-29 23:02:53.535 [main] Ejb3Column - Binding column: Ejb3Column{table=org.hibernate.mapping.Table(beacon_user_test), mappingColumn=zip_code, insertable=true, updatable=true, unique=false}
[DEBUG] 2019-04-29 23:02:53.535 [main] PropertyBinder - MetadataSourceProcessor property zipCode with lazy=false
[DEBUG] 2019-04-29 23:02:53.535 [main] AbstractPropertyHolder - Attempting to locate auto-apply AttributeConverter for property [com.normnondo.entity.BeaconUsers:zipCode]
[DEBUG] 2019-04-29 23:02:53.535 [main] SimpleValueBinder - building SimpleValue for zipCode
[DEBUG] 2019-04-29 23:02:53.535 [main] PropertyBinder - Building property zipCode
[DEBUG] 2019-04-29 23:02:53.536 [main] AnnotationBinder - Binding entity from annotated class: com.normnondo.entity.BeaconGames
[DEBUG] 2019-04-29 23:02:53.536 [main] Ejb3Column - Binding column: Ejb3DiscriminatorColumn{logicalColumnName'DTYPE', discriminatorTypeName='string'}
[DEBUG] 2019-04-29 23:02:53.536 [main] EntityBinder - Import with entity name BeaconGames
[DEBUG] 2019-04-29 23:02:53.536 [main] EntityBinder - Bind entity com.normnondo.entity.BeaconGames on table games_test
[DEBUG] 2019-04-29 23:02:53.542 [main] Ejb3Column - Binding column: Ejb3Column{table=org.hibernate.mapping.Table(games_test), mappingColumn=id, insertable=true, updatable=true, unique=false}
[DEBUG] 2019-04-29 23:02:53.542 [main] PropertyBinder - MetadataSourceProcessor property id with lazy=false
[DEBUG] 2019-04-29 23:02:53.542 [main] AbstractPropertyHolder - Attempting to locate auto-apply AttributeConverter for property [com.normnondo.entity.BeaconGames:id]
[DEBUG] 2019-04-29 23:02:53.542 [main] SimpleValueBinder - building SimpleValue for id
[DEBUG] 2019-04-29 23:02:53.543 [main] PropertyBinder - Building property id
[DEBUG] 2019-04-29 23:02:53.543 [main] Ejb3Column - Binding column: Ejb3Column{table=org.hibernate.mapping.Table(games_test), mappingColumn=army, insertable=true, updatable=true, unique=false}
[DEBUG] 2019-04-29 23:02:53.543 [main] PropertyBinder - MetadataSourceProcessor property army with lazy=false
[DEBUG] 2019-04-29 23:02:53.543 [main] AbstractPropertyHolder - Attempting to locate auto-apply AttributeConverter for property [com.normnondo.entity.BeaconGames:army]
[DEBUG] 2019-04-29 23:02:53.543 [main] SimpleValueBinder - building SimpleValue for army
[DEBUG] 2019-04-29 23:02:53.543 [main] PropertyBinder - Building property army
[DEBUG] 2019-04-29 23:02:53.544 [main] Ejb3Column - Binding column: Ejb3JoinColumn{logicalColumnName='beaconUsers_id', referencedColumn='', mappedBy=''}
[DEBUG] 2019-04-29 23:02:53.544 [main] Ejb3Column - Binding column: Ejb3Column{table=org.hibernate.mapping.Table(games_test), mappingColumn=beaconUsers, insertable=true, updatable=true, unique=false}
[DEBUG] 2019-04-29 23:02:53.547 [main] PropertyBinder - Building property beaconUsers
[DEBUG] 2019-04-29 23:02:53.547 [main] Ejb3Column - Binding column: Ejb3Column{table=org.hibernate.mapping.Table(games_test), mappingColumn=game_style, insertable=true, updatable=true, unique=false}
[DEBUG] 2019-04-29 23:02:53.547 [main] PropertyBinder - MetadataSourceProcessor property gameStyle with lazy=false
[DEBUG] 2019-04-29 23:02:53.547 [main] AbstractPropertyHolder - Attempting to locate auto-apply AttributeConverter for property [com.normnondo.entity.BeaconGames:gameStyle]
[DEBUG] 2019-04-29 23:02:53.547 [main] SimpleValueBinder - building SimpleValue for gameStyle
[DEBUG] 2019-04-29 23:02:53.547 [main] PropertyBinder - Building property gameStyle
[DEBUG] 2019-04-29 23:02:53.548 [main] Ejb3Column - Binding column: Ejb3Column{table=org.hibernate.mapping.Table(games_test), mappingColumn=game_type, insertable=true, updatable=true, unique=false}
[DEBUG] 2019-04-29 23:02:53.548 [main] PropertyBinder - MetadataSourceProcessor property gameType with lazy=false
[DEBUG] 2019-04-29 23:02:53.548 [main] AbstractPropertyHolder - Attempting to locate auto-apply AttributeConverter for property [com.normnondo.entity.BeaconGames:gameType]
[DEBUG] 2019-04-29 23:02:53.548 [main] SimpleValueBinder - building SimpleValue for gameType
[DEBUG] 2019-04-29 23:02:53.548 [main] PropertyBinder - Building property gameType
[DEBUG] 2019-04-29 23:02:53.548 [main] Ejb3Column - Binding column: Ejb3Column{table=org.hibernate.mapping.Table(games_test), mappingColumn=location, insertable=true, updatable=true, unique=false}
[DEBUG] 2019-04-29 23:02:53.548 [main] PropertyBinder - MetadataSourceProcessor property location with lazy=false
[DEBUG] 2019-04-29 23:02:53.548 [main] AbstractPropertyHolder - Attempting to locate auto-apply AttributeConverter for property [com.normnondo.entity.BeaconGames:location]
[DEBUG] 2019-04-29 23:02:53.548 [main] SimpleValueBinder - building SimpleValue for location
[DEBUG] 2019-04-29 23:02:53.548 [main] PropertyBinder - Building property location
[DEBUG] 2019-04-29 23:02:53.548 [main] Ejb3Column - Binding column: Ejb3Column{table=org.hibernate.mapping.Table(games_test), mappingColumn=points, insertable=true, updatable=true, unique=false}
[DEBUG] 2019-04-29 23:02:53.548 [main] PropertyBinder - MetadataSourceProcessor property points with lazy=false
[DEBUG] 2019-04-29 23:02:53.548 [main] AbstractPropertyHolder - Attempting to locate auto-apply AttributeConverter for property [com.normnondo.entity.BeaconGames:points]
[DEBUG] 2019-04-29 23:02:53.548 [main] SimpleValueBinder - building SimpleValue for points
[DEBUG] 2019-04-29 23:02:53.548 [main] PropertyBinder - Building property points
[DEBUG] 2019-04-29 23:02:53.549 [main] SimpleValueBinder - Starting fillSimpleValue for id
[DEBUG] 2019-04-29 23:02:53.550 [main] SimpleValueBinder - Starting fillSimpleValue for email
[DEBUG] 2019-04-29 23:02:53.550 [main] SimpleValueBinder - Starting fillSimpleValue for firstName
[DEBUG] 2019-04-29 23:02:53.550 [main] SimpleValueBinder - Starting fillSimpleValue for lastName
[DEBUG] 2019-04-29 23:02:53.550 [main] SimpleValueBinder - Starting fillSimpleValue for password
[DEBUG] 2019-04-29 23:02:53.550 [main] SimpleValueBinder - Starting fillSimpleValue for phoneNumber
[DEBUG] 2019-04-29 23:02:53.550 [main] SimpleValueBinder - Starting fillSimpleValue for zipCode
[DEBUG] 2019-04-29 23:02:53.550 [main] SimpleValueBinder - Starting fillSimpleValue for id
[DEBUG] 2019-04-29 23:02:53.550 [main] SimpleValueBinder - Starting fillSimpleValue for army
[DEBUG] 2019-04-29 23:02:53.550 [main] SimpleValueBinder - Starting fillSimpleValue for gameStyle
[DEBUG] 2019-04-29 23:02:53.550 [main] SimpleValueBinder - Starting fillSimpleValue for gameType
[DEBUG] 2019-04-29 23:02:53.550 [main] SimpleValueBinder - Starting fillSimpleValue for location
[DEBUG] 2019-04-29 23:02:53.550 [main] SimpleValueBinder - Starting fillSimpleValue for points
