[DEBUG] 2019-03-03 20:32:15.127 [main] IntegratorServiceImpl - Adding Integrator [org.hibernate.cfg.beanvalidation.BeanValidationIntegrator].
[DEBUG] 2019-03-03 20:32:15.144 [main] IntegratorServiceImpl - Adding Integrator [org.hibernate.secure.spi.JaccIntegrator].
[DEBUG] 2019-03-03 20:32:15.168 [main] IntegratorServiceImpl - Adding Integrator [org.hibernate.cache.internal.CollectionCacheInvalidator].
[INFO ] 2019-03-03 20:32:15.332 [main] Version - HHH000412: Hibernate Core {5.2.12.Final}
[INFO ] 2019-03-03 20:32:15.343 [main] Environment - HHH000206: hibernate.properties not found
[DEBUG] 2019-03-03 20:32:15.398 [main] LocalXmlResourceResolver - Interpreting public/system identifier : [-//Hibernate/Hibernate Configuration DTD//EN] - [http://www.hibernate.org/dtd/hibernate-configuration-3.0.dtd]
[DEBUG] 2019-03-03 20:32:15.399 [main] LocalXmlResourceResolver - Recognized hibernate-configuration identifier; attempting to resolve on classpath under org/hibernate/
[DEBUG] 2019-03-03 20:32:15.404 [main] JaxbCfgProcessor - cfg.xml document did not define namespaces; wrapping in custom event reader to introduce namespace information
[DEBUG] 2019-03-03 20:32:15.756 [main] ServiceBinding - Overriding existing service binding [org.hibernate.secure.spi.JaccService]
[DEBUG] 2019-03-03 20:32:15.781 [main] RegionFactoryInitiator - Cache region factory : org.hibernate.cache.internal.NoCachingRegionFactory
[INFO ] 2019-03-03 20:32:15.794 [main] Version - HCANN000001: Hibernate Commons Annotations {5.0.1.Final}
[DEBUG] 2019-03-03 20:32:15.873 [main] BasicTypeRegistry - Adding type registration boolean -> org.hibernate.type.BooleanType@c05fddc
[DEBUG] 2019-03-03 20:32:15.873 [main] BasicTypeRegistry - Adding type registration boolean -> org.hibernate.type.BooleanType@c05fddc
[DEBUG] 2019-03-03 20:32:15.874 [main] BasicTypeRegistry - Adding type registration java.lang.Boolean -> org.hibernate.type.BooleanType@c05fddc
[DEBUG] 2019-03-03 20:32:15.875 [main] BasicTypeRegistry - Adding type registration numeric_boolean -> org.hibernate.type.NumericBooleanType@50378a4
[DEBUG] 2019-03-03 20:32:15.877 [main] BasicTypeRegistry - Adding type registration true_false -> org.hibernate.type.TrueFalseType@97e93f1
[DEBUG] 2019-03-03 20:32:15.878 [main] BasicTypeRegistry - Adding type registration yes_no -> org.hibernate.type.YesNoType@16150369
[DEBUG] 2019-03-03 20:32:15.880 [main] BasicTypeRegistry - Adding type registration byte -> org.hibernate.type.ByteType@1b1cfb87
[DEBUG] 2019-03-03 20:32:15.881 [main] BasicTypeRegistry - Adding type registration byte -> org.hibernate.type.ByteType@1b1cfb87
[DEBUG] 2019-03-03 20:32:15.881 [main] BasicTypeRegistry - Adding type registration java.lang.Byte -> org.hibernate.type.ByteType@1b1cfb87
[DEBUG] 2019-03-03 20:32:15.885 [main] BasicTypeRegistry - Adding type registration character -> org.hibernate.type.CharacterType@20b2475a
[DEBUG] 2019-03-03 20:32:15.896 [main] BasicTypeRegistry - Adding type registration char -> org.hibernate.type.CharacterType@20b2475a
[DEBUG] 2019-03-03 20:32:15.896 [main] BasicTypeRegistry - Adding type registration java.lang.Character -> org.hibernate.type.CharacterType@20b2475a
[DEBUG] 2019-03-03 20:32:15.899 [main] BasicTypeRegistry - Adding type registration short -> org.hibernate.type.ShortType@4f0f2942
[DEBUG] 2019-03-03 20:32:15.899 [main] BasicTypeRegistry - Adding type registration short -> org.hibernate.type.ShortType@4f0f2942
[DEBUG] 2019-03-03 20:32:15.899 [main] BasicTypeRegistry - Adding type registration java.lang.Short -> org.hibernate.type.ShortType@4f0f2942
[DEBUG] 2019-03-03 20:32:15.900 [main] BasicTypeRegistry - Adding type registration integer -> org.hibernate.type.IntegerType@69504ae9
[DEBUG] 2019-03-03 20:32:15.901 [main] BasicTypeRegistry - Adding type registration int -> org.hibernate.type.IntegerType@69504ae9
[DEBUG] 2019-03-03 20:32:15.913 [main] BasicTypeRegistry - Adding type registration java.lang.Integer -> org.hibernate.type.IntegerType@69504ae9
[DEBUG] 2019-03-03 20:32:15.915 [main] BasicTypeRegistry - Adding type registration long -> org.hibernate.type.LongType@475c9c31
[DEBUG] 2019-03-03 20:32:15.915 [main] BasicTypeRegistry - Adding type registration long -> org.hibernate.type.LongType@475c9c31
[DEBUG] 2019-03-03 20:32:15.916 [main] BasicTypeRegistry - Adding type registration java.lang.Long -> org.hibernate.type.LongType@475c9c31
[DEBUG] 2019-03-03 20:32:15.919 [main] BasicTypeRegistry - Adding type registration float -> org.hibernate.type.FloatType@6a4f1a55
[DEBUG] 2019-03-03 20:32:15.920 [main] BasicTypeRegistry - Adding type registration float -> org.hibernate.type.FloatType@6a4f1a55
[DEBUG] 2019-03-03 20:32:15.920 [main] BasicTypeRegistry - Adding type registration java.lang.Float -> org.hibernate.type.FloatType@6a4f1a55
[DEBUG] 2019-03-03 20:32:15.922 [main] BasicTypeRegistry - Adding type registration double -> org.hibernate.type.DoubleType@626abbd0
[DEBUG] 2019-03-03 20:32:15.922 [main] BasicTypeRegistry - Adding type registration double -> org.hibernate.type.DoubleType@626abbd0
[DEBUG] 2019-03-03 20:32:15.922 [main] BasicTypeRegistry - Adding type registration java.lang.Double -> org.hibernate.type.DoubleType@626abbd0
[DEBUG] 2019-03-03 20:32:15.925 [main] BasicTypeRegistry - Adding type registration big_decimal -> org.hibernate.type.BigDecimalType@6cd24612
[DEBUG] 2019-03-03 20:32:15.925 [main] BasicTypeRegistry - Adding type registration java.math.BigDecimal -> org.hibernate.type.BigDecimalType@6cd24612
[DEBUG] 2019-03-03 20:32:15.927 [main] BasicTypeRegistry - Adding type registration big_integer -> org.hibernate.type.BigIntegerType@f68f0dc
[DEBUG] 2019-03-03 20:32:15.927 [main] BasicTypeRegistry - Adding type registration java.math.BigInteger -> org.hibernate.type.BigIntegerType@f68f0dc
[DEBUG] 2019-03-03 20:32:15.929 [main] BasicTypeRegistry - Adding type registration string -> org.hibernate.type.StringType@38145825
[DEBUG] 2019-03-03 20:32:15.929 [main] BasicTypeRegistry - Adding type registration java.lang.String -> org.hibernate.type.StringType@38145825
[DEBUG] 2019-03-03 20:32:15.930 [main] BasicTypeRegistry - Adding type registration nstring -> org.hibernate.type.StringNVarcharType@7dc19a70
[DEBUG] 2019-03-03 20:32:15.931 [main] BasicTypeRegistry - Adding type registration ncharacter -> org.hibernate.type.CharacterNCharType@798162bc
[DEBUG] 2019-03-03 20:32:15.933 [main] BasicTypeRegistry - Adding type registration url -> org.hibernate.type.UrlType@5d908d47
[DEBUG] 2019-03-03 20:32:15.933 [main] BasicTypeRegistry - Adding type registration java.net.URL -> org.hibernate.type.UrlType@5d908d47
[DEBUG] 2019-03-03 20:32:15.935 [main] BasicTypeRegistry - Adding type registration Duration -> org.hibernate.type.DurationType@49c90a9c
[DEBUG] 2019-03-03 20:32:15.935 [main] BasicTypeRegistry - Adding type registration java.time.Duration -> org.hibernate.type.DurationType@49c90a9c
[DEBUG] 2019-03-03 20:32:15.953 [main] BasicTypeRegistry - Adding type registration Instant -> org.hibernate.type.InstantType@448c8166
[DEBUG] 2019-03-03 20:32:15.953 [main] BasicTypeRegistry - Adding type registration java.time.Instant -> org.hibernate.type.InstantType@448c8166
[DEBUG] 2019-03-03 20:32:15.955 [main] BasicTypeRegistry - Adding type registration LocalDateTime -> org.hibernate.type.LocalDateTimeType@13526e59
[DEBUG] 2019-03-03 20:32:15.955 [main] BasicTypeRegistry - Adding type registration java.time.LocalDateTime -> org.hibernate.type.LocalDateTimeType@13526e59
[DEBUG] 2019-03-03 20:32:15.959 [main] BasicTypeRegistry - Adding type registration LocalDate -> org.hibernate.type.LocalDateType@730d2164
[DEBUG] 2019-03-03 20:32:15.959 [main] BasicTypeRegistry - Adding type registration java.time.LocalDate -> org.hibernate.type.LocalDateType@730d2164
[DEBUG] 2019-03-03 20:32:15.961 [main] BasicTypeRegistry - Adding type registration LocalTime -> org.hibernate.type.LocalTimeType@7068e664
[DEBUG] 2019-03-03 20:32:15.961 [main] BasicTypeRegistry - Adding type registration java.time.LocalTime -> org.hibernate.type.LocalTimeType@7068e664
[DEBUG] 2019-03-03 20:32:15.964 [main] BasicTypeRegistry - Adding type registration OffsetDateTime -> org.hibernate.type.OffsetDateTimeType@7975d1d8
[DEBUG] 2019-03-03 20:32:15.964 [main] BasicTypeRegistry - Adding type registration java.time.OffsetDateTime -> org.hibernate.type.OffsetDateTimeType@7975d1d8
[DEBUG] 2019-03-03 20:32:15.967 [main] BasicTypeRegistry - Adding type registration OffsetTime -> org.hibernate.type.OffsetTimeType@18f8cd79
[DEBUG] 2019-03-03 20:32:15.968 [main] BasicTypeRegistry - Adding type registration java.time.OffsetTime -> org.hibernate.type.OffsetTimeType@18f8cd79
[DEBUG] 2019-03-03 20:32:15.975 [main] BasicTypeRegistry - Adding type registration ZonedDateTime -> org.hibernate.type.ZonedDateTimeType@383dc82c
[DEBUG] 2019-03-03 20:32:15.976 [main] BasicTypeRegistry - Adding type registration java.time.ZonedDateTime -> org.hibernate.type.ZonedDateTimeType@383dc82c
[DEBUG] 2019-03-03 20:32:15.979 [main] BasicTypeRegistry - Adding type registration date -> org.hibernate.type.DateType@2f01783a
[DEBUG] 2019-03-03 20:32:15.979 [main] BasicTypeRegistry - Adding type registration java.sql.Date -> org.hibernate.type.DateType@2f01783a
[DEBUG] 2019-03-03 20:32:15.981 [main] BasicTypeRegistry - Adding type registration time -> org.hibernate.type.TimeType@7ac296f6
[DEBUG] 2019-03-03 20:32:15.981 [main] BasicTypeRegistry - Adding type registration java.sql.Time -> org.hibernate.type.TimeType@7ac296f6
[DEBUG] 2019-03-03 20:32:15.983 [main] BasicTypeRegistry - Adding type registration timestamp -> org.hibernate.type.TimestampType@54e041a4
[DEBUG] 2019-03-03 20:32:15.983 [main] BasicTypeRegistry - Adding type registration java.sql.Timestamp -> org.hibernate.type.TimestampType@54e041a4
[DEBUG] 2019-03-03 20:32:15.983 [main] BasicTypeRegistry - Adding type registration java.util.Date -> org.hibernate.type.TimestampType@54e041a4
[DEBUG] 2019-03-03 20:32:15.994 [main] BasicTypeRegistry - Adding type registration dbtimestamp -> org.hibernate.type.DbTimestampType@18317edc
[DEBUG] 2019-03-03 20:32:15.997 [main] BasicTypeRegistry - Adding type registration calendar -> org.hibernate.type.CalendarType@4149c063
[DEBUG] 2019-03-03 20:32:15.997 [main] BasicTypeRegistry - Adding type registration java.util.Calendar -> org.hibernate.type.CalendarType@4149c063
[DEBUG] 2019-03-03 20:32:15.997 [main] BasicTypeRegistry - Adding type registration java.util.GregorianCalendar -> org.hibernate.type.CalendarType@4149c063
[DEBUG] 2019-03-03 20:32:15.998 [main] BasicTypeRegistry - Adding type registration calendar_date -> org.hibernate.type.CalendarDateType@38af9828
[DEBUG] 2019-03-03 20:32:16.001 [main] BasicTypeRegistry - Adding type registration locale -> org.hibernate.type.LocaleType@34129c78
[DEBUG] 2019-03-03 20:32:16.001 [main] BasicTypeRegistry - Adding type registration java.util.Locale -> org.hibernate.type.LocaleType@34129c78
[DEBUG] 2019-03-03 20:32:16.005 [main] BasicTypeRegistry - Adding type registration currency -> org.hibernate.type.CurrencyType@3e62d773
[DEBUG] 2019-03-03 20:32:16.008 [main] BasicTypeRegistry - Adding type registration java.util.Currency -> org.hibernate.type.CurrencyType@3e62d773
[DEBUG] 2019-03-03 20:32:16.009 [main] BasicTypeRegistry - Adding type registration timezone -> org.hibernate.type.TimeZoneType@3f1d2e23
[DEBUG] 2019-03-03 20:32:16.023 [main] BasicTypeRegistry - Adding type registration java.util.TimeZone -> org.hibernate.type.TimeZoneType@3f1d2e23
[DEBUG] 2019-03-03 20:32:16.026 [main] BasicTypeRegistry - Adding type registration class -> org.hibernate.type.ClassType@1f760b47
[DEBUG] 2019-03-03 20:32:16.026 [main] BasicTypeRegistry - Adding type registration java.lang.Class -> org.hibernate.type.ClassType@1f760b47
[DEBUG] 2019-03-03 20:32:16.031 [main] BasicTypeRegistry - Adding type registration uuid-binary -> org.hibernate.type.UUIDBinaryType@2e570ded
[DEBUG] 2019-03-03 20:32:16.032 [main] BasicTypeRegistry - Adding type registration java.util.UUID -> org.hibernate.type.UUIDBinaryType@2e570ded
[DEBUG] 2019-03-03 20:32:16.033 [main] BasicTypeRegistry - Adding type registration uuid-char -> org.hibernate.type.UUIDCharType@747f281
[DEBUG] 2019-03-03 20:32:16.035 [main] BasicTypeRegistry - Adding type registration binary -> org.hibernate.type.BinaryType@2ca923bb
[DEBUG] 2019-03-03 20:32:16.035 [main] BasicTypeRegistry - Adding type registration byte[] -> org.hibernate.type.BinaryType@2ca923bb
[DEBUG] 2019-03-03 20:32:16.036 [main] BasicTypeRegistry - Adding type registration [B -> org.hibernate.type.BinaryType@2ca923bb
[DEBUG] 2019-03-03 20:32:16.038 [main] BasicTypeRegistry - Adding type registration wrapper-binary -> org.hibernate.type.WrapperBinaryType@7de62196
[DEBUG] 2019-03-03 20:32:16.038 [main] BasicTypeRegistry - Adding type registration Byte[] -> org.hibernate.type.WrapperBinaryType@7de62196
[DEBUG] 2019-03-03 20:32:16.038 [main] BasicTypeRegistry - Adding type registration [Ljava.lang.Byte; -> org.hibernate.type.WrapperBinaryType@7de62196
[DEBUG] 2019-03-03 20:32:16.040 [main] BasicTypeRegistry - Adding type registration row_version -> org.hibernate.type.RowVersionType@389b0789
[DEBUG] 2019-03-03 20:32:16.041 [main] BasicTypeRegistry - Adding type registration image -> org.hibernate.type.ImageType@51bd8b5c
[DEBUG] 2019-03-03 20:32:16.043 [main] BasicTypeRegistry - Adding type registration characters -> org.hibernate.type.CharArrayType@64ec96c6
[DEBUG] 2019-03-03 20:32:16.043 [main] BasicTypeRegistry - Adding type registration char[] -> org.hibernate.type.CharArrayType@64ec96c6
[DEBUG] 2019-03-03 20:32:16.043 [main] BasicTypeRegistry - Adding type registration [C -> org.hibernate.type.CharArrayType@64ec96c6
[DEBUG] 2019-03-03 20:32:16.046 [main] BasicTypeRegistry - Adding type registration wrapper-characters -> org.hibernate.type.CharacterArrayType@452e19ca
[DEBUG] 2019-03-03 20:32:16.046 [main] BasicTypeRegistry - Adding type registration [Ljava.lang.Character; -> org.hibernate.type.CharacterArrayType@452e19ca
[DEBUG] 2019-03-03 20:32:16.046 [main] BasicTypeRegistry - Adding type registration Character[] -> org.hibernate.type.CharacterArrayType@452e19ca
[DEBUG] 2019-03-03 20:32:16.048 [main] BasicTypeRegistry - Adding type registration text -> org.hibernate.type.TextType@e25951c
[DEBUG] 2019-03-03 20:32:16.049 [main] BasicTypeRegistry - Adding type registration ntext -> org.hibernate.type.NTextType@19976a65
[DEBUG] 2019-03-03 20:32:16.055 [main] BasicTypeRegistry - Adding type registration blob -> org.hibernate.type.BlobType@7ba8c737
[DEBUG] 2019-03-03 20:32:16.055 [main] BasicTypeRegistry - Adding type registration java.sql.Blob -> org.hibernate.type.BlobType@7ba8c737
[DEBUG] 2019-03-03 20:32:16.056 [main] BasicTypeRegistry - Adding type registration materialized_blob -> org.hibernate.type.MaterializedBlobType@16c069df
[DEBUG] 2019-03-03 20:32:16.102 [main] BasicTypeRegistry - Adding type registration clob -> org.hibernate.type.ClobType@3fce8fd9
[DEBUG] 2019-03-03 20:32:16.103 [main] BasicTypeRegistry - Adding type registration java.sql.Clob -> org.hibernate.type.ClobType@3fce8fd9
[DEBUG] 2019-03-03 20:32:16.111 [main] BasicTypeRegistry - Adding type registration nclob -> org.hibernate.type.NClobType@4fa1c212
[DEBUG] 2019-03-03 20:32:16.111 [main] BasicTypeRegistry - Adding type registration java.sql.NClob -> org.hibernate.type.NClobType@4fa1c212
[DEBUG] 2019-03-03 20:32:16.112 [main] BasicTypeRegistry - Adding type registration materialized_clob -> org.hibernate.type.MaterializedClobType@f627d13
[DEBUG] 2019-03-03 20:32:16.112 [main] BasicTypeRegistry - Adding type registration materialized_nclob -> org.hibernate.type.MaterializedNClobType@3224a577
[DEBUG] 2019-03-03 20:32:16.115 [main] BasicTypeRegistry - Adding type registration serializable -> org.hibernate.type.SerializableType@463fd068
[DEBUG] 2019-03-03 20:32:16.119 [main] BasicTypeRegistry - Adding type registration object -> org.hibernate.type.ObjectType@52815fa3
[DEBUG] 2019-03-03 20:32:16.119 [main] BasicTypeRegistry - Adding type registration java.lang.Object -> org.hibernate.type.ObjectType@52815fa3
[DEBUG] 2019-03-03 20:32:16.119 [main] BasicTypeRegistry - Adding type registration imm_date -> org.hibernate.type.AdaptedImmutableType@4c012563
[DEBUG] 2019-03-03 20:32:16.119 [main] BasicTypeRegistry - Adding type registration imm_time -> org.hibernate.type.AdaptedImmutableType@14a50707
[DEBUG] 2019-03-03 20:32:16.120 [main] BasicTypeRegistry - Adding type registration imm_timestamp -> org.hibernate.type.AdaptedImmutableType@4d518b32
[DEBUG] 2019-03-03 20:32:16.120 [main] BasicTypeRegistry - Adding type registration imm_dbtimestamp -> org.hibernate.type.AdaptedImmutableType@4bd31064
[DEBUG] 2019-03-03 20:32:16.120 [main] BasicTypeRegistry - Adding type registration imm_calendar -> org.hibernate.type.AdaptedImmutableType@e3c0e40
[DEBUG] 2019-03-03 20:32:16.120 [main] BasicTypeRegistry - Adding type registration imm_calendar_date -> org.hibernate.type.AdaptedImmutableType@329dbdbf
[DEBUG] 2019-03-03 20:32:16.120 [main] BasicTypeRegistry - Adding type registration imm_binary -> org.hibernate.type.AdaptedImmutableType@7354b8c5
[DEBUG] 2019-03-03 20:32:16.120 [main] BasicTypeRegistry - Adding type registration imm_serializable -> org.hibernate.type.AdaptedImmutableType@20d7d6fb
[INFO ] 2019-03-03 20:32:16.130 [main] C3P0ConnectionProvider - HHH010002: C3P0 using driver: com.mysql.jdbc.Driver at URL: jdbc:mysql:///beacon_test
[INFO ] 2019-03-03 20:32:16.130 [main] C3P0ConnectionProvider - HHH10001001: Connection properties: {user=Norm, password=****}
[INFO ] 2019-03-03 20:32:16.130 [main] C3P0ConnectionProvider - HHH10001003: Autocommit mode: false
[INFO ] 2019-03-03 20:32:16.356 [main] C3P0ConnectionProvider - HHH10001007: JDBC isolation level: <unknown>
[DEBUG] 2019-03-03 20:32:16.705 [main] JdbcEnvironmentInitiator - Database ->
       name : MySQL
    version : 5.7.25-log
      major : 5
      minor : 7
[DEBUG] 2019-03-03 20:32:16.707 [main] JdbcEnvironmentInitiator - Driver ->
       name : MySQL Connector Java
    version : mysql-connector-java-5.1.39 ( Revision: 3289a357af6d09ecc1a10fd3c26e95183e5790ad )
      major : 5
      minor : 1
[DEBUG] 2019-03-03 20:32:16.707 [main] JdbcEnvironmentInitiator - JDBC version : 4.0
[INFO ] 2019-03-03 20:32:16.723 [main] Dialect - HHH000400: Using dialect: org.hibernate.dialect.MySQL5Dialect
[DEBUG] 2019-03-03 20:32:16.762 [main] IdentifierHelperBuilder - JDBC driver metadata reported database stores quoted identifiers in more than one case
[DEBUG] 2019-03-03 20:32:16.764 [main] IdentifierHelperBuilder - IdentifierCaseStrategy for both quoted and unquoted identifiers was set to the same strategy [LOWER]; that will likely lead to problems in schema update and validation if using quoted identifiers
[DEBUG] 2019-03-03 20:32:16.809 [main] DefaultIdentifierGeneratorFactory - Registering IdentifierGenerator strategy [uuid2] -> [org.hibernate.id.UUIDGenerator]
[DEBUG] 2019-03-03 20:32:16.810 [main] DefaultIdentifierGeneratorFactory - Registering IdentifierGenerator strategy [guid] -> [org.hibernate.id.GUIDGenerator]
[DEBUG] 2019-03-03 20:32:16.810 [main] DefaultIdentifierGeneratorFactory - Registering IdentifierGenerator strategy [uuid] -> [org.hibernate.id.UUIDHexGenerator]
[DEBUG] 2019-03-03 20:32:16.810 [main] DefaultIdentifierGeneratorFactory - Registering IdentifierGenerator strategy [uuid.hex] -> [org.hibernate.id.UUIDHexGenerator]
[DEBUG] 2019-03-03 20:32:16.811 [main] DefaultIdentifierGeneratorFactory - Registering IdentifierGenerator strategy [assigned] -> [org.hibernate.id.Assigned]
[DEBUG] 2019-03-03 20:32:16.812 [main] DefaultIdentifierGeneratorFactory - Registering IdentifierGenerator strategy [identity] -> [org.hibernate.id.IdentityGenerator]
[DEBUG] 2019-03-03 20:32:16.812 [main] DefaultIdentifierGeneratorFactory - Registering IdentifierGenerator strategy [select] -> [org.hibernate.id.SelectGenerator]
[DEBUG] 2019-03-03 20:32:16.813 [main] DefaultIdentifierGeneratorFactory - Registering IdentifierGenerator strategy [sequence] -> [org.hibernate.id.enhanced.SequenceStyleGenerator]
[DEBUG] 2019-03-03 20:32:16.814 [main] DefaultIdentifierGeneratorFactory - Registering IdentifierGenerator strategy [seqhilo] -> [org.hibernate.id.SequenceHiLoGenerator]
[DEBUG] 2019-03-03 20:32:16.814 [main] DefaultIdentifierGeneratorFactory - Registering IdentifierGenerator strategy [increment] -> [org.hibernate.id.IncrementGenerator]
[DEBUG] 2019-03-03 20:32:16.815 [main] DefaultIdentifierGeneratorFactory - Registering IdentifierGenerator strategy [foreign] -> [org.hibernate.id.ForeignGenerator]
[DEBUG] 2019-03-03 20:32:16.815 [main] DefaultIdentifierGeneratorFactory - Registering IdentifierGenerator strategy [sequence-identity] -> [org.hibernate.id.SequenceIdentityGenerator]
[DEBUG] 2019-03-03 20:32:16.815 [main] DefaultIdentifierGeneratorFactory - Registering IdentifierGenerator strategy [enhanced-sequence] -> [org.hibernate.id.enhanced.SequenceStyleGenerator]
[DEBUG] 2019-03-03 20:32:16.816 [main] DefaultIdentifierGeneratorFactory - Registering IdentifierGenerator strategy [enhanced-table] -> [org.hibernate.id.enhanced.TableGenerator]
[DEBUG] 2019-03-03 20:32:16.848 [main] Namespace - Created database namespace [logicalName=Name{catalog=null, schema=null}, physicalName=Name{catalog=null, schema=null}]
[DEBUG] 2019-03-03 20:32:16.882 [main] AnnotationBinder - Binding entity from annotated class: com.normnondo.entity.BeaconUsers
[DEBUG] 2019-03-03 20:32:16.906 [main] Ejb3Column - Binding column: Ejb3DiscriminatorColumn{logicalColumnName'DTYPE', discriminatorTypeName='string'}
[DEBUG] 2019-03-03 20:32:16.911 [main] EntityBinder - Import with entity name BeaconUsers
[DEBUG] 2019-03-03 20:32:16.914 [main] EntityBinder - Bind entity com.normnondo.entity.BeaconUsers on table beacon_user_test
[DEBUG] 2019-03-03 20:32:16.946 [main] Ejb3Column - Binding column: Ejb3Column{table=org.hibernate.mapping.Table(beacon_user_test), mappingColumn=id, insertable=true, updatable=true, unique=false}
[DEBUG] 2019-03-03 20:32:16.949 [main] PropertyBinder - MetadataSourceProcessor property id with lazy=false
[DEBUG] 2019-03-03 20:32:16.952 [main] AbstractPropertyHolder - Attempting to locate auto-apply AttributeConverter for property [com.normnondo.entity.BeaconUsers:id]
[DEBUG] 2019-03-03 20:32:16.953 [main] SimpleValueBinder - building SimpleValue for id
[DEBUG] 2019-03-03 20:32:16.955 [main] PropertyBinder - Building property id
[DEBUG] 2019-03-03 20:32:16.960 [main] Ejb3Column - Binding column: Ejb3Column{table=org.hibernate.mapping.Table(beacon_user_test), mappingColumn=email, insertable=true, updatable=true, unique=false}
[DEBUG] 2019-03-03 20:32:16.960 [main] PropertyBinder - MetadataSourceProcessor property email with lazy=false
[DEBUG] 2019-03-03 20:32:16.960 [main] AbstractPropertyHolder - Attempting to locate auto-apply AttributeConverter for property [com.normnondo.entity.BeaconUsers:email]
[DEBUG] 2019-03-03 20:32:16.960 [main] SimpleValueBinder - building SimpleValue for email
[DEBUG] 2019-03-03 20:32:16.960 [main] PropertyBinder - Building property email
[DEBUG] 2019-03-03 20:32:16.961 [main] Ejb3Column - Binding column: Ejb3Column{table=org.hibernate.mapping.Table(beacon_user_test), mappingColumn=first_name, insertable=true, updatable=true, unique=false}
[DEBUG] 2019-03-03 20:32:16.961 [main] PropertyBinder - MetadataSourceProcessor property firstName with lazy=false
[DEBUG] 2019-03-03 20:32:16.961 [main] AbstractPropertyHolder - Attempting to locate auto-apply AttributeConverter for property [com.normnondo.entity.BeaconUsers:firstName]
[DEBUG] 2019-03-03 20:32:16.961 [main] SimpleValueBinder - building SimpleValue for firstName
[DEBUG] 2019-03-03 20:32:16.961 [main] PropertyBinder - Building property firstName
[DEBUG] 2019-03-03 20:32:16.963 [main] Ejb3Column - Binding column: Ejb3JoinColumn{logicalColumnName='null', referencedColumn='null', mappedBy='beaconUsers'}
[DEBUG] 2019-03-03 20:32:16.963 [main] Ejb3Column - Binding column: Ejb3Column{table=org.hibernate.mapping.Table(beacon_user_test), mappingColumn=games, insertable=true, updatable=true, unique=false}
[DEBUG] 2019-03-03 20:32:16.965 [main] Ejb3Column - Binding column: Ejb3Column{table=org.hibernate.mapping.Table(beacon_user_test), mappingColumn=null, insertable=true, updatable=true, unique=false}
[DEBUG] 2019-03-03 20:32:16.973 [main] Ejb3Column - Binding column: Ejb3Column{table=org.hibernate.mapping.Table(beacon_user_test), mappingColumn=element, insertable=true, updatable=true, unique=false}
[DEBUG] 2019-03-03 20:32:16.974 [main] Ejb3Column - Binding column: Ejb3Column{table=org.hibernate.mapping.Table(beacon_user_test), mappingColumn=games_KEY, insertable=true, updatable=true, unique=false}
[DEBUG] 2019-03-03 20:32:16.974 [main] Ejb3Column - Binding column: Ejb3JoinColumn{logicalColumnName='games_KEY', referencedColumn='null', mappedBy='null'}
[DEBUG] 2019-03-03 20:32:16.975 [main] Ejb3Column - Binding column: Ejb3JoinColumn{logicalColumnName='null', referencedColumn='null', mappedBy='beaconUsers'}
[DEBUG] 2019-03-03 20:32:16.975 [main] Ejb3Column - Binding column: Ejb3JoinColumn{logicalColumnName='null', referencedColumn='null', mappedBy='beaconUsers'}
[DEBUG] 2019-03-03 20:32:16.976 [main] CollectionBinder - Collection role: com.normnondo.entity.BeaconUsers.games
[DEBUG] 2019-03-03 20:32:16.979 [main] PropertyBinder - Building property games
[DEBUG] 2019-03-03 20:32:16.979 [main] Ejb3Column - Binding column: Ejb3Column{table=org.hibernate.mapping.Table(beacon_user_test), mappingColumn=last_name, insertable=true, updatable=true, unique=false}
[DEBUG] 2019-03-03 20:32:16.979 [main] PropertyBinder - MetadataSourceProcessor property lastName with lazy=false
[DEBUG] 2019-03-03 20:32:16.979 [main] AbstractPropertyHolder - Attempting to locate auto-apply AttributeConverter for property [com.normnondo.entity.BeaconUsers:lastName]
[DEBUG] 2019-03-03 20:32:16.979 [main] SimpleValueBinder - building SimpleValue for lastName
[DEBUG] 2019-03-03 20:32:16.979 [main] PropertyBinder - Building property lastName
[DEBUG] 2019-03-03 20:32:16.980 [main] Ejb3Column - Binding column: Ejb3Column{table=org.hibernate.mapping.Table(beacon_user_test), mappingColumn=phone_number, insertable=true, updatable=true, unique=false}
[DEBUG] 2019-03-03 20:32:16.980 [main] PropertyBinder - MetadataSourceProcessor property phoneNumber with lazy=false
[DEBUG] 2019-03-03 20:32:16.980 [main] AbstractPropertyHolder - Attempting to locate auto-apply AttributeConverter for property [com.normnondo.entity.BeaconUsers:phoneNumber]
[DEBUG] 2019-03-03 20:32:16.980 [main] SimpleValueBinder - building SimpleValue for phoneNumber
[DEBUG] 2019-03-03 20:32:16.980 [main] PropertyBinder - Building property phoneNumber
[DEBUG] 2019-03-03 20:32:16.980 [main] Ejb3Column - Binding column: Ejb3Column{table=org.hibernate.mapping.Table(beacon_user_test), mappingColumn=zip_code, insertable=true, updatable=true, unique=false}
[DEBUG] 2019-03-03 20:32:16.980 [main] PropertyBinder - MetadataSourceProcessor property zipCode with lazy=false
[DEBUG] 2019-03-03 20:32:16.980 [main] AbstractPropertyHolder - Attempting to locate auto-apply AttributeConverter for property [com.normnondo.entity.BeaconUsers:zipCode]
[DEBUG] 2019-03-03 20:32:16.980 [main] SimpleValueBinder - building SimpleValue for zipCode
[DEBUG] 2019-03-03 20:32:16.980 [main] PropertyBinder - Building property zipCode
[DEBUG] 2019-03-03 20:32:16.981 [main] AnnotationBinder - Binding entity from annotated class: com.normnondo.entity.BeaconGames
[DEBUG] 2019-03-03 20:32:16.981 [main] Ejb3Column - Binding column: Ejb3DiscriminatorColumn{logicalColumnName'DTYPE', discriminatorTypeName='string'}
[DEBUG] 2019-03-03 20:32:16.981 [main] EntityBinder - Import with entity name BeaconGames
[DEBUG] 2019-03-03 20:32:16.982 [main] EntityBinder - Bind entity com.normnondo.entity.BeaconGames on table games_test
[DEBUG] 2019-03-03 20:32:16.984 [main] Ejb3Column - Binding column: Ejb3Column{table=org.hibernate.mapping.Table(games_test), mappingColumn=id, insertable=true, updatable=true, unique=false}
[DEBUG] 2019-03-03 20:32:16.984 [main] PropertyBinder - MetadataSourceProcessor property id with lazy=false
[DEBUG] 2019-03-03 20:32:16.984 [main] AbstractPropertyHolder - Attempting to locate auto-apply AttributeConverter for property [com.normnondo.entity.BeaconGames:id]
[DEBUG] 2019-03-03 20:32:16.984 [main] SimpleValueBinder - building SimpleValue for id
[DEBUG] 2019-03-03 20:32:16.984 [main] PropertyBinder - Building property id
[DEBUG] 2019-03-03 20:32:16.985 [main] Ejb3Column - Binding column: Ejb3Column{table=org.hibernate.mapping.Table(games_test), mappingColumn=army, insertable=true, updatable=true, unique=false}
[DEBUG] 2019-03-03 20:32:16.985 [main] PropertyBinder - MetadataSourceProcessor property army with lazy=false
[DEBUG] 2019-03-03 20:32:16.985 [main] AbstractPropertyHolder - Attempting to locate auto-apply AttributeConverter for property [com.normnondo.entity.BeaconGames:army]
[DEBUG] 2019-03-03 20:32:16.985 [main] SimpleValueBinder - building SimpleValue for army
[DEBUG] 2019-03-03 20:32:16.985 [main] PropertyBinder - Building property army
[DEBUG] 2019-03-03 20:32:16.985 [main] Ejb3Column - Binding column: Ejb3JoinColumn{logicalColumnName='null', referencedColumn='null', mappedBy='null'}
[DEBUG] 2019-03-03 20:32:16.985 [main] Ejb3Column - Binding column: Ejb3Column{table=org.hibernate.mapping.Table(games_test), mappingColumn=beaconUsers, insertable=true, updatable=true, unique=false}
[DEBUG] 2019-03-03 20:32:16.987 [main] PropertyBinder - Building property beaconUsers
[DEBUG] 2019-03-03 20:32:16.987 [main] Ejb3Column - Binding column: Ejb3Column{table=org.hibernate.mapping.Table(games_test), mappingColumn=game_style, insertable=true, updatable=true, unique=false}
[DEBUG] 2019-03-03 20:32:16.987 [main] PropertyBinder - MetadataSourceProcessor property gameStyle with lazy=false
[DEBUG] 2019-03-03 20:32:16.987 [main] AbstractPropertyHolder - Attempting to locate auto-apply AttributeConverter for property [com.normnondo.entity.BeaconGames:gameStyle]
[DEBUG] 2019-03-03 20:32:16.987 [main] SimpleValueBinder - building SimpleValue for gameStyle
[DEBUG] 2019-03-03 20:32:16.987 [main] PropertyBinder - Building property gameStyle
[DEBUG] 2019-03-03 20:32:16.988 [main] Ejb3Column - Binding column: Ejb3Column{table=org.hibernate.mapping.Table(games_test), mappingColumn=game_type, insertable=true, updatable=true, unique=false}
[DEBUG] 2019-03-03 20:32:16.988 [main] PropertyBinder - MetadataSourceProcessor property gameType with lazy=false
[DEBUG] 2019-03-03 20:32:16.988 [main] AbstractPropertyHolder - Attempting to locate auto-apply AttributeConverter for property [com.normnondo.entity.BeaconGames:gameType]
[DEBUG] 2019-03-03 20:32:16.988 [main] SimpleValueBinder - building SimpleValue for gameType
[DEBUG] 2019-03-03 20:32:16.988 [main] PropertyBinder - Building property gameType
[DEBUG] 2019-03-03 20:32:16.988 [main] Ejb3Column - Binding column: Ejb3Column{table=org.hibernate.mapping.Table(games_test), mappingColumn=location, insertable=true, updatable=true, unique=false}
[DEBUG] 2019-03-03 20:32:16.988 [main] PropertyBinder - MetadataSourceProcessor property location with lazy=false
[DEBUG] 2019-03-03 20:32:16.988 [main] AbstractPropertyHolder - Attempting to locate auto-apply AttributeConverter for property [com.normnondo.entity.BeaconGames:location]
[DEBUG] 2019-03-03 20:32:16.988 [main] SimpleValueBinder - building SimpleValue for location
[DEBUG] 2019-03-03 20:32:16.988 [main] PropertyBinder - Building property location
[DEBUG] 2019-03-03 20:32:16.988 [main] Ejb3Column - Binding column: Ejb3Column{table=org.hibernate.mapping.Table(games_test), mappingColumn=points, insertable=true, updatable=true, unique=false}
[DEBUG] 2019-03-03 20:32:16.989 [main] PropertyBinder - MetadataSourceProcessor property points with lazy=false
[DEBUG] 2019-03-03 20:32:16.989 [main] AbstractPropertyHolder - Attempting to locate auto-apply AttributeConverter for property [com.normnondo.entity.BeaconGames:points]
[DEBUG] 2019-03-03 20:32:16.989 [main] SimpleValueBinder - building SimpleValue for points
[DEBUG] 2019-03-03 20:32:16.989 [main] PropertyBinder - Building property points
[DEBUG] 2019-03-03 20:32:16.990 [main] SimpleValueBinder - Starting fillSimpleValue for id
[DEBUG] 2019-03-03 20:32:16.990 [main] SimpleValueBinder - Starting fillSimpleValue for email
[DEBUG] 2019-03-03 20:32:16.990 [main] SimpleValueBinder - Starting fillSimpleValue for firstName
[DEBUG] 2019-03-03 20:32:16.990 [main] SimpleValueBinder - Starting fillSimpleValue for lastName
[DEBUG] 2019-03-03 20:32:16.990 [main] SimpleValueBinder - Starting fillSimpleValue for phoneNumber
[DEBUG] 2019-03-03 20:32:16.990 [main] SimpleValueBinder - Starting fillSimpleValue for zipCode
[DEBUG] 2019-03-03 20:32:16.990 [main] SimpleValueBinder - Starting fillSimpleValue for id
[DEBUG] 2019-03-03 20:32:16.990 [main] SimpleValueBinder - Starting fillSimpleValue for army
[DEBUG] 2019-03-03 20:32:16.990 [main] SimpleValueBinder - Starting fillSimpleValue for gameStyle
[DEBUG] 2019-03-03 20:32:16.990 [main] SimpleValueBinder - Starting fillSimpleValue for gameType
[DEBUG] 2019-03-03 20:32:16.990 [main] SimpleValueBinder - Starting fillSimpleValue for location
[DEBUG] 2019-03-03 20:32:16.990 [main] SimpleValueBinder - Starting fillSimpleValue for points
